d:\c++project\astardll\astardll\x64\debug\astardll.lib
d:\c++project\astardll\astardll\x64\debug\astardll.exp
d:\c++project\astardll\astardll\astardll\x64\debug\astardll.pch
d:\c++project\astardll\astardll\astardll\x64\debug\vc142.pdb
d:\c++project\astardll\astardll\astardll\x64\debug\vc142.idb
d:\c++project\astardll\astardll\astardll\x64\debug\pch.obj
d:\c++project\astardll\astardll\astardll\x64\debug\add.obj
d:\c++project\astardll\astardll\astardll\x64\debug\node.obj
d:\c++project\astardll\astardll\astardll\x64\debug\astarnode.obj
d:\c++project\astardll\astardll\astardll\x64\debug\echo.obj
d:\c++project\astardll\astardll\astardll\x64\debug\dllmain.obj
d:\c++project\astardll\astardll\astardll\x64\debug\binaryheap.obj
d:\c++project\astardll\astardll\astardll\x64\debug\astar1.obj
d:\c++project\astardll\astardll\astardll\x64\debug\astar.obj
d:\c++project\astardll\astardll\x64\debug\astardll.dll
d:\c++project\astardll\astardll\x64\debug\astardll.ilk
d:\c++project\astardll\astardll\x64\debug\astardll.pdb
d:\c++project\astardll\astardll\astardll\x64\debug\astardll.tlog\astardll.write.1u.tlog
d:\c++project\astardll\astardll\astardll\x64\debug\astardll.tlog\cl.command.1.tlog
d:\c++project\astardll\astardll\astardll\x64\debug\astardll.tlog\cl.read.1.tlog
d:\c++project\astardll\astardll\astardll\x64\debug\astardll.tlog\cl.write.1.tlog
d:\c++project\astardll\astardll\astardll\x64\debug\astardll.tlog\link.command.1.tlog
d:\c++project\astardll\astardll\astardll\x64\debug\astardll.tlog\link.read.1.tlog
d:\c++project\astardll\astardll\astardll\x64\debug\astardll.tlog\link.write.1.tlog
